种子名称：Ubuntu ISO
内容路径：/downloads/ubuntu.iso
根目录：/downloads
保存路径：/downloads
文件数：1
文件大小：2048000000Bytes
HASH:1234567890abcdef1234567890abcdef12345678
Cookie:
-------------------------------------------------------------

种子名称：Ubuntu ISO
内容路径：/downloads/ubuntu.iso
根目录：/downloads
保存路径：/downloads
文件数：1
文件大小：2048000000Bytes
HASH:1234567890abcdef1234567890abcdef12345678
Cookie:
-------------------------------------------------------------

种子名称：Ubuntu ISO
内容路径：/downloads/ubuntu.iso
根目录：/downloads
保存路径：/downloads
文件数：1
文件大小：2048000000Bytes
HASH:1234567890abcdef1234567890abcdef12345678
Cookie:
-------------------------------------------------------------

种子名称：Ubuntu ISO
内容路径：/downloads/ubuntu.iso
根目录：/downloads
保存路径：/downloads
文件数：1
文件大小：2048000000Bytes
HASH:1234567890abcdef1234567890abcdef12345678
Cookie:
-------------------------------------------------------------

种子名称：Ubuntu ISO
内容路径：/downloads/ubuntu.iso
根目录：/downloads
保存路径：/downloads
文件数：1
文件大小：2048000000Bytes
HASH:1234567890abcdef1234567890abcdef12345678
Cookie:
-------------------------------------------------------------

种子名称：Ubuntu ISO
内容路径：/downloads/ubuntu.iso
根目录：/downloads
保存路径：/downloads
文件数：1
文件大小：2048000000Bytes
HASH:1234567890abcdef1234567890abcdef12345678
Cookie:
-------------------------------------------------------------

种子名称：Ubuntu ISO
内容路径：/downloads/ubuntu.iso
根目录：/downloads
保存路径：/downloadss
文件数：1
文件大小：2048000000Bytes
HASH:1234567890abcdef1234567890abcdef12345678
Cookie:
-------------------------------------------------------------

种子名称：Ubuntu ISO
内容路径：/downloads/ubuntu.iso
根目录：/downloads
保存路径：/downloadss
文件数：1
文件大小：2048000000Bytes
HASH:1234567890abcdef1234567890abcdef12345678
Cookie:
-------------------------------------------------------------

种子名称：Ubuntu ISO
内容路径：/downloads/ubuntu.iso
根目录：/downloads
保存路径：/downloadss
文件数：1
文件大小：2048000000Bytes
HASH:1234567890abcdef1234567890abcdef12345678
Cookie:
-------------------------------------------------------------

种子名称：Ubuntu ISO
内容路径：/downloads/ubuntu.iso
根目录：/downloads
保存路径：/downloadss
文件数：1
文件大小：2048000000Bytes
HASH:1234567890abcdef1234567890abcdef12345678
Cookie:
-------------------------------------------------------------

种子名称：Ubuntu ISO
内容路径：/downloads/ubuntu.iso
根目录：/downloads
保存路径：/downloadss
文件数：1
文件大小：2048000000Bytes
HASH:1234567890abcdef1234567890abcdef12345678
Cookie:
-------------------------------------------------------------

种子名称：Ubuntu ISO
内容路径：/downloads/ubuntu.iso
根目录：/downloads
保存路径：/downloadss
文件数：1
文件大小：2048000000Bytes
HASH:1234567890abcdef1234567890abcdef12345678
Cookie:
-------------------------------------------------------------

种子名称：Ubuntu ISO
内容路径：/downloads/ubuntu.iso
根目录：/downloads
保存路径：/downloadss
文件数：1
文件大小：2048000000Bytes
HASH:1234567890abcdef1234567890abcdef12345678
Cookie:
-------------------------------------------------------------

种子名称：Ubuntu ISO
内容路径：/downloads/ubuntu.iso
根目录：/downloads
保存路径：/downloadss
文件数：1
文件大小：2048000000Bytes
HASH:1234567890abcdef1234567890abcdef12345678
Cookie:
-------------------------------------------------------------

